Copyright 1986-2015 Xilinx, Inc. All Rights Reserved.
----------------------------------------------------------------------------------------
| Tool Version     : Vivado v.2015.2 (win64) Build 1266856 Fri Jun 26 16:35:25 MDT 2015
| Date             : Tue Nov 27 21:03:44 2018
| Host             : 008 running 64-bit Service Pack 1  (build 7601)
| Command          : 
| Design           : Display
| Device           : xc7a35tcpg236-1
| Design State     : Routed
| Grade            : commercial
| Process          : typical
| Characterization : Production
----------------------------------------------------------------------------------------

Power Report

Table of Contents
-----------------
1. Summary
1.1 On-Chip Components
1.2 Power Supply Summary
1.3 Confidence Level
2. Settings
2.1 Environment
2.2 Clock Constraints
3. Detailed Reports
3.1 By Hierarchy

1. Summary
----------

+--------------------------+----------------------------------+
| Total On-Chip Power (W)  | 56.694 (Junction temp exceeded!) |
| Dynamic (W)              | 56.208                           |
| Device Static (W)        | 0.486                            |
| Effective TJA (C/W)      | 5.0                              |
| Max Ambient (C)          | 0.0                              |
| Junction Temperature (C) | 125.0                            |
| Confidence Level         | Low                              |
| Setting File             | ---                              |
| Simulation Activity File | ---                              |
| Design Nets Matched      | NA                               |
+--------------------------+----------------------------------+


1.1 On-Chip Components
----------------------

+--------------------------+-----------+----------+-----------+-----------------+
| On-Chip                  | Power (W) | Used     | Available | Utilization (%) |
+--------------------------+-----------+----------+-----------+-----------------+
| Slice Logic              |    16.019 |     2637 |       --- |             --- |
|   LUT as Logic           |    14.791 |     1696 |     20800 |            8.15 |
|   LUT as Distributed RAM |     0.801 |       48 |      9600 |            0.50 |
|   CARRY4                 |     0.304 |       67 |      8150 |            0.82 |
|   F7/F8 Muxes            |     0.096 |       80 |     32600 |            0.25 |
|   Register               |     0.015 |      387 |     41600 |            0.93 |
|   BUFG                   |     0.012 |        2 |        32 |            6.25 |
|   Others                 |     0.000 |       16 |       --- |             --- |
| Signals                  |    19.576 |     2287 |       --- |             --- |
| I/O                      |    20.612 |       16 |       106 |           15.09 |
| Static Power             |     0.486 |          |           |                 |
| Total                    |    56.694 |          |           |                 |
+--------------------------+-----------+----------+-----------+-----------------+


1.2 Power Supply Summary
------------------------

+-----------+-------------+-----------+-------------+------------+
| Source    | Voltage (V) | Total (A) | Dynamic (A) | Static (A) |
+-----------+-------------+-----------+-------------+------------+
| Vccint    |       1.000 |    35.948 |      35.607 |      0.341 |
| Vccaux    |       1.800 |     0.808 |       0.755 |      0.053 |
| Vcco33    |       3.300 |     5.832 |       5.831 |      0.001 |
| Vcco25    |       2.500 |     0.000 |       0.000 |      0.000 |
| Vcco18    |       1.800 |     0.000 |       0.000 |      0.000 |
| Vcco15    |       1.500 |     0.000 |       0.000 |      0.000 |
| Vcco135   |       1.350 |     0.000 |       0.000 |      0.000 |
| Vcco12    |       1.200 |     0.000 |       0.000 |      0.000 |
| Vccaux_io |       1.800 |     0.000 |       0.000 |      0.000 |
| Vccbram   |       1.000 |     0.010 |       0.000 |      0.010 |
| MGTAVcc   |       1.000 |     0.000 |       0.000 |      0.000 |
| MGTAVtt   |       1.200 |     0.000 |       0.000 |      0.000 |
| Vccadc    |       1.800 |     0.020 |       0.000 |      0.020 |
+-----------+-------------+-----------+-------------+------------+


1.3 Confidence Level
--------------------

+-----------------------------+------------+--------------------------------------------------------+--------------------------------------------------------------------------------------------------------------------+
| User Input Data             | Confidence | Details                                                | Action                                                                                                             |
+-----------------------------+------------+--------------------------------------------------------+--------------------------------------------------------------------------------------------------------------------+
| Design implementation state | High       | Design is routed                                       |                                                                                                                    |
| Clock nodes activity        | Low        | User specified less than 75% of clocks                 | Provide missing clock activity with a constraint file, simulation results or by editing the "By Clock Domain" view |
| I/O nodes activity          | Low        | More than 75% of inputs are missing user specification | Provide missing input activity with simulation results or by editing the "By Resource Type -> I/Os" view           |
| Internal nodes activity     | Medium     | User specified less than 25% of internal nodes         | Provide missing internal nodes activity with simulation results or by editing the "By Resource Type" views         |
| Device models               | High       | Device models are Production                           |                                                                                                                    |
|                             |            |                                                        |                                                                                                                    |
| Overall confidence level    | Low        |                                                        |                                                                                                                    |
+-----------------------------+------------+--------------------------------------------------------+--------------------------------------------------------------------------------------------------------------------+


2. Settings
-----------

2.1 Environment
---------------

+-----------------------+--------------------------+
| Ambient Temp (C)      | 25.0                     |
| ThetaJA (C/W)         | 5.0                      |
| Airflow (LFM)         | 250                      |
| Heat Sink             | medium (Medium Profile)  |
| ThetaSA (C/W)         | 4.6                      |
| Board Selection       | medium (10"x10")         |
| # of Board Layers     | 12to15 (12 to 15 Layers) |
| Board Temperature (C) | 25.0                     |
+-----------------------+--------------------------+


2.2 Clock Constraints
---------------------

+-------+--------+-----------------+
| Clock | Domain | Constraint (ns) |
+-------+--------+-----------------+


3. Detailed Reports
-------------------

3.1 By Hierarchy
----------------

+---------------------------------+-----------+
| Name                            | Power (W) |
+---------------------------------+-----------+
| Display                         |    56.208 |
|   clk_div                       |     0.034 |
|   co4                           |     0.292 |
|   scpu                          |    34.992 |
|     alu                         |     1.065 |
|     dataram                     |    11.377 |
|     get_newpc                   |    <0.001 |
|     pc                          |     9.967 |
|     regfile                     |    12.584 |
|       regFile_reg_r1_0_31_0_5   |     0.902 |
|       regFile_reg_r1_0_31_12_17 |     0.896 |
|       regFile_reg_r1_0_31_18_23 |     0.859 |
|       regFile_reg_r1_0_31_24_29 |     0.889 |
|       regFile_reg_r1_0_31_30_31 |     0.281 |
|       regFile_reg_r1_0_31_6_11  |     0.852 |
|       regFile_reg_r2_0_31_0_5   |     0.128 |
|       regFile_reg_r2_0_31_12_17 |     0.194 |
|       regFile_reg_r2_0_31_18_23 |     0.217 |
|       regFile_reg_r2_0_31_24_29 |     0.181 |
|       regFile_reg_r2_0_31_30_31 |     0.073 |
|       regFile_reg_r2_0_31_6_11  |     0.219 |
|   segled                        |     0.073 |
|   xiaodou                       |     0.143 |
+---------------------------------+-----------+


